Arguments: 
  /Users/waldrna/.nvm/versions/node/v14.4.0/bin/node /Users/waldrna/.nvm/versions/node/v14.4.0/bin/yarn add -D module-alias ts-node-dev typescript

PATH: 
  /Users/waldrna/.nvm/versions/node/v14.4.0/bin:/usr/local/bin:/usr/bin:/bin:/usr/sbin:/sbin:/Library/Apple/usr/bin:/usr/local/share/dotnet:~/.dotnet/tools:/Library/Frameworks/Mono.framework/Versions/Current/Commands:/Users/waldrna/.nvm/versions/node/v14.4.0/bin

Yarn version: 
  1.22.10

Node version: 
  14.4.0

Platform: 
  darwin x64

Trace: 
  Error: unable to get local issuer certificate
      at TLSSocket.onConnectSecure (_tls_wrap.js:1496:34)
      at TLSSocket.emit (events.js:315:20)
      at TLSSocket._finishInit (_tls_wrap.js:931:8)
      at TLSWrap.ssl.onhandshakedone (_tls_wrap.js:705:12)

npm manifest: 
  No manifest

yarn manifest: 
  No manifest

Lockfile: 
  No lockfile
